<?xml version="1.0" encoding="UTF-8" ?>
<testsuites disabled="0" errors="0" failures="1" tests="2" time="10.639">
 <testsuite name="demo caluculator tests" timestamp="2020-08-03T02:06:25" hostname="localhost" time="10.639" errors="0" tests="2" skipped="0" disabled="0" failures="1">
  <testcase classname="demo caluculator tests" name="addition test" time="5.853" />
  <testcase classname="demo caluculator tests" name="subraction test" time="4.768">
   <failure type="toEqual" message="Expected &apos;15&apos; to equal &apos;10&apos;."><![CDATA[Error: Failed expectation
    at homepage.verifyResult (C:\ProtractorDemo\pages\homepage.js:26:34)
    at UserContext.<anonymous> (C:\ProtractorDemo\tests\calculator.js:42:18)
    at C:\Users\gs1-varunkumarg\AppData\Roaming\npm\node_modules\protractor\node_modules\jasminewd2\index.js:112:25
    at new ManagedPromise (C:\Users\gs1-varunkumarg\AppData\Roaming\npm\node_modules\protractor\node_modules\selenium-webdriver\lib\promise.js:1077:7)
    at ControlFlow.promise (C:\Users\gs1-varunkumarg\AppData\Roaming\npm\node_modules\protractor\node_modules\selenium-webdriver\lib\promise.js:2505:12)
    at schedulerExecute (C:\Users\gs1-varunkumarg\AppData\Roaming\npm\node_modules\protractor\node_modules\jasminewd2\index.js:95:18)
    at TaskQueue.execute_ (C:\Users\gs1-varunkumarg\AppData\Roaming\npm\node_modules\protractor\node_modules\selenium-webdriver\lib\promise.js:3084:14)
    at TaskQueue.executeNext_ (C:\Users\gs1-varunkumarg\AppData\Roaming\npm\node_modules\protractor\node_modules\selenium-webdriver\lib\promise.js:3067:27)
    at C:\Users\gs1-varunkumarg\AppData\Roaming\npm\node_modules\protractor\node_modules\selenium-webdriver\lib\promise.js:2927:27]]>
   </failure>
  </testcase>
 </testsuite>
</testsuites>